2023-04-02 23:56:08.819727 - Initialized conversion of CBT386
2023-04-02 23:56:09.146973 - Received CBT.V504.FILE386.PDS from FILE386.XMI 
2023-04-02 23:56:09.150055 - Found $$$#DATE.txt (text/plain) in CBT.V504.FILE386.PDS, moved to PDS/$$$#DATE
2023-04-02 23:56:09.151597 - Found $$$READM.txt (text/plain) in CBT.V504.FILE386.PDS, moved to PDS/$$$READM
2023-04-02 23:56:09.152797 - Found $$INDEX.txt (text/plain) in CBT.V504.FILE386.PDS, moved to PDS/$$INDEX
2023-04-02 23:56:09.153893 - Found $CHANGES.txt (text/plain) in CBT.V504.FILE386.PDS, moved to PDS/$CHANGES
2023-04-02 23:56:09.154959 - Found @EQISPF.txt (text/plain) in CBT.V504.FILE386.PDS, moved to PDS/@EQISPF
2023-04-02 23:56:09.156151 - Found @EQUS.txt (text/plain) in CBT.V504.FILE386.PDS, moved to PDS/@EQUS
2023-04-02 23:56:09.157308 - Found @FILE386.txt (text/plain) in CBT.V504.FILE386.PDS, moved to PDS/@FILE386
2023-04-02 23:56:09.158377 - Found @ISPFVD.txt (text/plain) in CBT.V504.FILE386.PDS, moved to PDS/@ISPFVD
2023-04-02 23:56:09.159598 - Found ASMALL.jcl (text/plain) in CBT.V504.FILE386.PDS, moved to PDS/ASMALL
2023-04-02 23:56:09.160766 - Found ASMFLOC.jcl (text/plain) in CBT.V504.FILE386.PDS, moved to PDS/ASMFLOC
2023-04-02 23:56:09.161769 - Found IGX00200.txt (text/plain) in CBT.V504.FILE386.PDS, moved to PDS/IGX00200
2023-04-02 23:56:09.162726 - Found IRXF@CA1.txt (text/plain) in CBT.V504.FILE386.PDS, moved to PDS/IRXF@CA1
2023-04-02 23:56:09.163720 - Found IRXF@CMD.txt (text/plain) in CBT.V504.FILE386.PDS, moved to PDS/IRXF@CMD
2023-04-02 23:56:09.164911 - Found IRXF@CSI.txt (text/plain) in CBT.V504.FILE386.PDS, moved to PDS/IRXF@CSI
2023-04-02 23:56:09.165886 - Found IRXF@DAI.txt (text/plain) in CBT.V504.FILE386.PDS, moved to PDS/IRXF@DAI
2023-04-02 23:56:09.166857 - Found IRXF@DLY.txt (text/plain) in CBT.V504.FILE386.PDS, moved to PDS/IRXF@DLY
2023-04-02 23:56:09.168150 - Found IRXF@DOM.txt (text/plain) in CBT.V504.FILE386.PDS, moved to PDS/IRXF@DOM
2023-04-02 23:56:09.169316 - Found IRXF@EDM.txt (text/plain) in CBT.V504.FILE386.PDS, moved to PDS/IRXF@EDM
2023-04-02 23:56:09.170378 - Found IRXF@ENQ.txt (text/plain) in CBT.V504.FILE386.PDS, moved to PDS/IRXF@ENQ
2023-04-02 23:56:09.171403 - Found IRXF@MAT.txt (text/plain) in CBT.V504.FILE386.PDS, moved to PDS/IRXF@MAT
2023-04-02 23:56:09.172325 - Found IRXF@MOD.txt (text/plain) in CBT.V504.FILE386.PDS, moved to PDS/IRXF@MOD
2023-04-02 23:56:09.173568 - Found IRXF@MON.txt (text/plain) in CBT.V504.FILE386.PDS, moved to PDS/IRXF@MON
2023-04-02 23:56:09.174567 - Found IRXF@SRT.txt (text/plain) in CBT.V504.FILE386.PDS, moved to PDS/IRXF@SRT
2023-04-02 23:56:09.175647 - Found IRXF@U34.txt (text/plain) in CBT.V504.FILE386.PDS, moved to PDS/IRXF@U34
2023-04-02 23:56:09.177020 - Found IRXF@VSK.txt (text/plain) in CBT.V504.FILE386.PDS, moved to PDS/IRXF@VSK
2023-04-02 23:56:09.178110 - Found IRXF@VST.txt (text/plain) in CBT.V504.FILE386.PDS, moved to PDS/IRXF@VST
2023-04-02 23:56:09.179204 - Found IRXF@WTO.txt (text/plain) in CBT.V504.FILE386.PDS, moved to PDS/IRXF@WTO
2023-04-02 23:56:09.180456 - Found IRXFLOC.txt (text/plain) in CBT.V504.FILE386.PDS, moved to PDS/IRXFLOC
2023-04-02 23:56:09.181505 - Found IRXFLOC$.txt (text/plain) in CBT.V504.FILE386.PDS, moved to PDS/IRXFLOC$
2023-04-02 23:56:09.182479 - Found IRXFLOCJ.jcl (text/plain) in CBT.V504.FILE386.PDS, moved to PDS/IRXFLOCJ
2023-04-02 23:56:09.184056 - Found IRXFMAT.txt (text/plain) in CBT.V504.FILE386.PDS, moved to PDS/IRXFMAT
2023-04-02 23:56:09.185249 - Found IRXFMONI.txt (text/plain) in CBT.V504.FILE386.PDS, moved to PDS/IRXFMONI
2023-04-02 23:56:09.186473 - Found IRXFMONP.txt (text/plain) in CBT.V504.FILE386.PDS, moved to PDS/IRXFMONP
2023-04-02 23:56:09.187778 - Found ISFPSAM$.txt (text/plain) in CBT.V504.FILE386.PDS, moved to PDS/ISFPSAM$
2023-04-02 23:56:09.189142 - Found ISFPSAMC.txt (text/plain) in CBT.V504.FILE386.PDS, moved to PDS/ISFPSAMC
2023-04-02 23:56:09.190405 - Found ISFPSAMP.txt (text/plain) in CBT.V504.FILE386.PDS, moved to PDS/ISFPSAMP
2023-04-02 23:56:09.191672 - Found ISFPSAMR.txt (text/plain) in CBT.V504.FILE386.PDS, moved to PDS/ISFPSAMR
2023-04-02 23:56:09.192855 - Found ISFPSAM1.rexx (text/plain) in CBT.V504.FILE386.PDS, moved to PDS/ISFPSAM1
2023-04-02 23:56:09.193932 - Found UTILMATC.txt (text/plain) in CBT.V504.FILE386.PDS, moved to PDS/UTILMATC
